<?xml version="1.0" encoding="UTF-8"?><testsuite errors="0" failures="0" name="org.example.features.AcceptThePrivacyPolicy.TestAcceptPrivacyPolicy" skipped="0" tests="2" time="12.63" timestamp="2023-11-30 03:25:14"><testcase classname="org.example.features.AcceptThePrivacyPolicy.TestAcceptPrivacyPolicy" name="Invalid accept privacy policy should not initialize the app with mock objects"/><testcase classname="org.example.features.AcceptThePrivacyPolicy.TestAcceptPrivacyPolicy" name="Valid accept privacy policy should initialize the app with mock objects"/></testsuite>