<?xml version="1.0" encoding="UTF-8"?><testsuite errors="0" failures="0" name="org.example.features.UpdatePlantDetails.TestUpdatePlantDetails_NotParameterized" skipped="0" tests="2" time="18.09" timestamp="2023-11-30 03:26:38"><testcase classname="org.example.features.UpdatePlantDetails.TestUpdatePlantDetails_NotParameterized" name="Invalid update plant details"/><testcase classname="org.example.features.UpdatePlantDetails.TestUpdatePlantDetails_NotParameterized" name="Valid update plant details"/></testsuite>