<?xml version="1.0" encoding="UTF-8"?><testsuite errors="0" failures="0" name="org.example.features.SearchToAdd.TestSearchToAddPlant_NotParameterized" skipped="0" tests="3" time="16.34" timestamp="2023-11-30 03:25:55"><testcase classname="org.example.features.SearchToAdd.TestSearchToAddPlant_NotParameterized" name="Search to add plant"/><testcase classname="org.example.features.SearchToAdd.TestSearchToAddPlant_NotParameterized" name="Invalid search to add plant because plant id already exist"/><testcase classname="org.example.features.SearchToAdd.TestSearchToAddPlant_NotParameterized" name="Invalid search to add plant not found"/></testsuite>